<?xml version="1.0" encoding="UTF-8"?>
<testng-results ignored="0" total="0" passed="0" failed="0" skipped="0">
  <reporter-output>
  </reporter-output>
  <suite started-at="2024-05-29T22:59:19 IST" name="Default suite" finished-at="2024-05-29T22:59:19 IST" duration-ms="38">
    <groups>
    </groups>
    <test started-at="2024-05-29T22:59:19 IST" name="Default test" finished-at="2024-05-29T22:59:19 IST" duration-ms="38">
      <class name="base.Testbase">
        <test-method is-config="true" signature="setup()[pri:0, instance:base.Testbase@2a265ea9]" started-at="2024-05-29T22:59:14 IST" name="setup" finished-at="2024-05-29T22:59:19 IST" duration-ms="4934" status="PASS">
          <reporter-output>
          </reporter-output>
        </test-method> <!-- setup -->
        <test-method is-config="true" signature="Teardown()[pri:0, instance:base.Testbase@2a265ea9]" started-at="2024-05-29T22:59:19 IST" name="Teardown" finished-at="2024-05-29T22:59:20 IST" duration-ms="481" status="PASS">
          <reporter-output>
          </reporter-output>
        </test-method> <!-- Teardown -->
      </class> <!-- base.Testbase -->
    </test> <!-- Default test -->
  </suite> <!-- Default suite -->
</testng-results>
