<?xml version="1.0" encoding="UTF-8"?>
<testng-results ignored="0" total="1" passed="1" failed="0" skipped="0">
  <reporter-output>
  </reporter-output>
  <suite started-at="2024-05-03T13:40:13 IST" name="Default suite" finished-at="2024-05-03T13:40:15 IST" duration-ms="2202">
    <groups>
    </groups>
    <test started-at="2024-05-03T13:40:13 IST" name="Default test" finished-at="2024-05-03T13:40:15 IST" duration-ms="2202">
      <class name="Testcases.LoginTest">
        <test-method is-config="true" signature="setup()[pri:0, instance:Testcases.LoginTest@53045c6c]" started-at="2024-05-03T13:40:05 IST" name="setup" finished-at="2024-05-03T13:40:13 IST" duration-ms="8398" status="PASS">
          <reporter-output>
          </reporter-output>
        </test-method> <!-- setup -->
        <test-method signature="loginAsBankManager()[pri:0, instance:Testcases.LoginTest@53045c6c]" started-at="2024-05-03T13:40:13 IST" name="loginAsBankManager" finished-at="2024-05-03T13:40:15 IST" duration-ms="2129" status="PASS">
          <reporter-output>
          </reporter-output>
        </test-method> <!-- loginAsBankManager -->
        <test-method is-config="true" signature="Teardown()[pri:0, instance:Testcases.LoginTest@53045c6c]" started-at="2024-05-03T13:40:15 IST" name="Teardown" finished-at="2024-05-03T13:40:16 IST" duration-ms="329" status="PASS">
          <reporter-output>
          </reporter-output>
        </test-method> <!-- Teardown -->
      </class> <!-- Testcases.LoginTest -->
    </test> <!-- Default test -->
  </suite> <!-- Default suite -->
</testng-results>
